<?xml version="1.0" encoding="UTF-8"?>
<!-- Generated by org.testng.reporters.JUnitReportReporter -->
<testsuite hostname="SKYWALKER" failures="0" tests="1" name="Sample_Maven_ELF39.Demowebshop_SearchTest" time="9.560" errors="0" timestamp="2022-11-17T17:19:54 IST" skipped="0">
  <testcase classname="Sample_Maven_ELF39.Demowebshop_SearchTest" name="TC01" time="9.560"/>
  <system-out/>
</testsuite> <!-- Sample_Maven_ELF39.Demowebshop_SearchTest -->
