<?xml version="1.0" encoding="UTF-8"?>
<!-- Generated by org.testng.reporters.JUnitReportReporter -->
<testsuite hostname="SKYWALKER" failures="0" tests="1" name="Sample_Maven_ELF39.DemoWebShop_Register_Test" time="9.957" errors="0" timestamp="2022-12-12T17:52:47 IST" skipped="0">
  <testcase classname="Sample_Maven_ELF39.DemoWebShop_Register_Test" name="p2" time="9.957"/>
  <system-out/>
</testsuite> <!-- Sample_Maven_ELF39.DemoWebShop_Register_Test -->
