<?xml version="1.0" encoding="UTF-8"?>
<!-- Generated by org.testng.reporters.JUnitReportReporter -->
<testsuite hostname="SKYWALKER" failures="0" tests="1" name="Sample_Maven_ELF39.Demowebshop_SearchTest" time="7.906" errors="0" timestamp="2022-12-12T17:52:47 IST" skipped="0">
  <testcase classname="Sample_Maven_ELF39.Demowebshop_SearchTest" name="TC01" time="7.906"/>
  <system-out/>
</testsuite> <!-- Sample_Maven_ELF39.Demowebshop_SearchTest -->
