<?xml version="1.0" encoding="UTF-8"?>
<!-- Generated by org.testng.reporters.JUnitReportReporter -->
<testsuite hostname="SKYWALKER" failures="0" tests="1" name="Sample_Maven_ELF39.DemoWebShop_Register_Test" time="11.452" errors="0" timestamp="2022-11-17T17:22:14 IST" skipped="0">
  <testcase classname="Sample_Maven_ELF39.DemoWebShop_Register_Test" name="p2" time="11.452"/>
  <system-out/>
</testsuite> <!-- Sample_Maven_ELF39.DemoWebShop_Register_Test -->
